<?xml version="1.0" encoding="UTF-8"?>
<!-- Generated by org.testng.reporters.JUnitReportReporter -->
<testsuite hostname="DESKTOP-P8KL1PI" failures="0" tests="1" name="testscript.ManageContactTest" time="4.849" errors="0" timestamp="2024-08-13T00:43:22 IST" skipped="0">
  <testcase classname="testscript.ManageContactTest" name="verifyTheUserIsAbleToUpdateContact" time="4.849"/>
</testsuite> <!-- testscript.ManageContactTest -->
