<?xml version="1.0" encoding="UTF-8"?>
<!-- Generated by org.testng.reporters.JUnitReportReporter -->
<testsuite hostname="DESKTOP-P8KL1PI" failures="0" tests="2" name="testscript.SubCategoryTest" time="16.203" errors="0" timestamp="2024-09-11T22:31:18 IST" skipped="0">
  <testcase classname="testscript.SubCategoryTest" name="verifyTheUserIsAbleToAddNewSubCategory" time="12.164"/>
  <testcase classname="testscript.SubCategoryTest" name="verifyTheUserIsAbleToChangeTheStatus" time="4.039"/>
</testsuite> <!-- testscript.SubCategoryTest -->
