<?xml version="1.0" encoding="UTF-8"?>
<!-- Generated by org.testng.reporters.JUnitReportReporter -->
<testsuite hostname="DESKTOP-P8KL1PI" failures="0" tests="1" name="testscript.ManageFooterTextTest" time="7.718" errors="0" timestamp="2024-09-11T20:10:52 IST" skipped="0">
  <testcase classname="testscript.ManageFooterTextTest" name="verifyTheUserIsAbleToUpdateFooterText" time="7.718"/>
</testsuite> <!-- testscript.ManageFooterTextTest -->
