<?xml version="1.0" encoding="UTF-8"?>
<!-- Generated by org.testng.reporters.JUnitReportReporter -->
<testsuite hostname="DESKTOP-P8KL1PI" failures="0" tests="1" name="testscript.AdminUserTest" time="10.953" errors="0" timestamp="2024-09-10T15:04:12 IST" skipped="0">
  <testcase classname="testscript.AdminUserTest" name="verifyTheUserIsAbleToAddNewAdminUser" time="10.953"/>
</testsuite> <!-- testscript.AdminUserTest -->
