<?xml version="1.0" encoding="UTF-8"?>
<!-- Generated by org.testng.reporters.JUnitReportReporter -->
<testsuite hostname="DESKTOP-P8KL1PI" failures="0" tests="1" name="testscript.ManageCategoryTest" time="7.972" errors="0" timestamp="2024-08-20T09:39:54 IST" skipped="0">
  <testcase classname="testscript.ManageCategoryTest" name="verifyTheUserIsAbleToAddNewCategory" time="7.972"/>
</testsuite> <!-- testscript.ManageCategoryTest -->
