<?xml version="1.0" encoding="UTF-8"?>
<!-- Generated by org.testng.reporters.JUnitReportReporter -->
<testsuite hostname="DESKTOP-P8KL1PI" failures="0" tests="1" name="testscript.ManageContactTest" time="6.786" errors="0" timestamp="2024-08-20T09:40:26 IST" skipped="0">
  <testcase classname="testscript.ManageContactTest" name="verifyTheUserIsAbleToUpdateContact" time="6.786"/>
</testsuite> <!-- testscript.ManageContactTest -->
