<?xml version="1.0" encoding="UTF-8"?>
<!-- Generated by org.testng.reporters.JUnitReportReporter -->
<testsuite hostname="DESKTOP-P8KL1PI" failures="0" tests="1" name="testscript.ManageNewsTest" time="8.419" errors="0" timestamp="2024-09-11T21:11:40 IST" skipped="0">
  <testcase classname="testscript.ManageNewsTest" name="verifyTheUserIsAbleToCreateNews" time="8.419"/>
</testsuite> <!-- testscript.ManageNewsTest -->
