<?xml version="1.0" encoding="UTF-8"?>
<!-- Generated by org.testng.reporters.JUnitReportReporter -->
<testsuite hostname="DESKTOP-P8KL1PI" failures="0" tests="1" name="testscript.LogOutTest" time="4.281" errors="0" timestamp="2024-08-28T14:32:57 IST" skipped="0">
  <testcase classname="testscript.LogOutTest" name="verifyTheUserIsAbleToLogOut" time="4.281"/>
</testsuite> <!-- testscript.LogOutTest -->
