<?xml version="1.0" encoding="UTF-8"?>
<!-- Generated by org.testng.reporters.JUnitReportReporter -->
<testsuite hostname="DESKTOP-P8KL1PI" failures="0" tests="1" name="testscript.ManageProductTest" time="6.372" errors="0" timestamp="2024-08-10T00:11:41 IST" skipped="0">
  <testcase classname="testscript.ManageProductTest" name="verifyTheUserIsAbleToDeleteTheProduct" time="6.372"/>
</testsuite> <!-- testscript.ManageProductTest -->
