<?xml version="1.0" encoding="UTF-8"?>
<!-- Generated by org.testng.reporters.JUnitReportReporter -->
<testsuite hostname="DESKTOP-P8KL1PI" failures="0" tests="1" name="testscript.AdminUserTest" time="4.782" errors="0" timestamp="2024-08-12T16:27:01 IST" skipped="0">
  <testcase classname="testscript.AdminUserTest" name="verifyTheUserIsAbleToAddNewAdminUser" time="4.782"/>
</testsuite> <!-- testscript.AdminUserTest -->
