<?xml version="1.0" encoding="UTF-8"?>
<!-- Generated by org.testng.reporters.JUnitReportReporter -->
<testsuite hostname="DESKTOP-P8KL1PI" failures="0" tests="1" name="testscript.SubCategoryTest" time="4.112" errors="0" timestamp="2024-08-12T22:12:51 IST" skipped="0">
  <testcase classname="testscript.SubCategoryTest" name="verifyTheUserIsAbleToChangeTheStatus" time="4.112"/>
</testsuite> <!-- testscript.SubCategoryTest -->
