<?xml version="1.0" encoding="UTF-8"?>
<!-- Generated by org.testng.reporters.JUnitReportReporter -->
<testsuite hostname="DESKTOP-P8KL1PI" failures="0" tests="1" name="testscript.LoginTest" time="7.088" errors="0" timestamp="2024-09-10T12:53:40 IST" skipped="0">
  <testcase classname="testscript.LoginTest" name="verifyTheUserIsAbleToLoginUsingInvalidCredential" time="7.088"/>
</testsuite> <!-- testscript.LoginTest -->
