<?xml version="1.0" encoding="UTF-8"?>
<!-- Generated by org.testng.reporters.JUnitReportReporter -->
<testsuite hostname="DESKTOP-P8KL1PI" failures="0" tests="1" name="testscript.LoginTest" time="3.217" errors="0" timestamp="2024-08-10T02:15:25 IST" skipped="0">
  <testcase classname="testscript.LoginTest" name="verifyTheUserIsAbleToLoginUsingValidCredential" time="3.217"/>
</testsuite> <!-- testscript.LoginTest -->
