<?xml version="1.0" encoding="UTF-8"?>
<!-- Generated by org.testng.reporters.JUnitReportReporter -->
<testsuite hostname="DESKTOP-P8KL1PI" failures="0" tests="1" name="testscript.LoginTest" time="18.664" errors="0" timestamp="2024-09-09T14:39:26 IST" skipped="0">
  <testcase classname="testscript.LoginTest" name="verifyTheUserIsAbleToLoginUsingInvalidCredential" time="18.664"/>
</testsuite> <!-- testscript.LoginTest -->
