<?xml version="1.0" encoding="UTF-8"?>
<!-- Generated by org.testng.reporters.JUnitReportReporter -->
<testsuite hostname="DESKTOP-P8KL1PI" failures="0" tests="1" name="testscript.ManageContactTest" time="8.489" errors="0" timestamp="2024-09-11T20:04:51 IST" skipped="0">
  <testcase classname="testscript.ManageContactTest" name="verifyTheUserIsAbleToUpdateContact" time="8.489"/>
</testsuite> <!-- testscript.ManageContactTest -->
