<?xml version="1.0" encoding="UTF-8"?>
<!-- Generated by org.testng.reporters.JUnitReportReporter -->
<testsuite hostname="DESKTOP-P8KL1PI" failures="0" tests="1" name="testscript.ManageFooterTextTest" time="13.279" errors="0" timestamp="2024-08-20T09:40:52 IST" skipped="0">
  <testcase classname="testscript.ManageFooterTextTest" name="verifyTheUserIsAbleToUpdateFooterText" time="13.279"/>
</testsuite> <!-- testscript.ManageFooterTextTest -->
