<?xml version="1.0" encoding="UTF-8"?>
<!-- Generated by org.testng.reporters.JUnitReportReporter -->
<testsuite hostname="DESKTOP-P8KL1PI" failures="0" tests="1" name="testscript.ManageProductTest" time="10.303" errors="0" timestamp="2024-08-20T09:41:37 IST" skipped="0">
  <testcase classname="testscript.ManageProductTest" name="verifyTheUserIsAbleToDeleteTheProduct" time="10.303"/>
</testsuite> <!-- testscript.ManageProductTest -->
