<?xml version="1.0" encoding="UTF-8"?>
<!-- Generated by org.testng.reporters.JUnitReportReporter -->
<testsuite hostname="DESKTOP-P8KL1PI" failures="0" tests="1" name="testscript.ManageNewsTest" time="5.182" errors="0" timestamp="2024-08-11T22:56:58 IST" skipped="0">
  <testcase classname="testscript.ManageNewsTest" name="verifyTheUserIsAbleToCreateNews" time="5.182"/>
</testsuite> <!-- testscript.ManageNewsTest -->
