<?xml version="1.0" encoding="UTF-8"?>
<!-- Generated by org.testng.reporters.JUnitReportReporter -->
<testsuite hostname="DESKTOP-P8KL1PI" failures="0" tests="1" name="testscript.ManageProductTest" time="7.044" errors="0" timestamp="2024-09-11T21:24:48 IST" skipped="0">
  <testcase classname="testscript.ManageProductTest" name="verifyTheUserIsAbleToDeleteTheProduct" time="7.044"/>
</testsuite> <!-- testscript.ManageProductTest -->
