<?xml version="1.0" encoding="UTF-8"?>
<!-- Generated by org.testng.reporters.JUnitReportReporter -->
<testsuite hostname="DESKTOP-P8KL1PI" failures="0" tests="1" name="testscript.SubCategoryStatusTest" time="5.591" errors="0" timestamp="2024-08-20T01:37:02 IST" skipped="0">
  <testcase classname="testscript.SubCategoryStatusTest" name="verifyTheUserIsAbleToChangeTheStatus" time="5.591"/>
</testsuite> <!-- testscript.SubCategoryStatusTest -->
