<?xml version="1.0" encoding="UTF-8"?>
<!-- Generated by org.testng.reporters.JUnitReportReporter -->
<testsuite hostname="DESKTOP-P8KL1PI" failures="0" tests="1" name="testscript.ManageNewsTest" time="6.559" errors="0" timestamp="2024-08-10T00:12:24 IST" skipped="0">
  <testcase classname="testscript.ManageNewsTest" name="verifyTheUserIsAbleToCreateNews" time="6.559"/>
</testsuite> <!-- testscript.ManageNewsTest -->
